tc/proguard-android.txt
# This is a configuration file for ProGuard.
# http://proguard.sourceforge.net/index.html#manual/usage.html

-dontusemixedcaseclassnames
-dontskipnonpubliclibraryclasses
-dontskipnonpubliclibraryclassmembers
-verbose

# Optimization is turned off by default. Dex does not like code run
# through the ProGuard optimize and preverify steps (and performs some
# of these optimizations on its own).
-dontoptimize
-dontpreverify
# Note that if you want to enable optimization, you cannot just
# include optimization flags in your own project configuration file;
# instead you will need to point to the
# "proguard-android-optimize.txt" file instead of this one from your
# project.properties file.

-keepattributes *Annotation*
-keep public class com.google.vending.licensing.ILicensingService
-keep public class com.android.vending.licensing.ILicensingService

# For native methods, see http://proguard.sourceforge.net/manual/examples.html#native
-keepclasseswithmembernames class * {
    native <methods>;
}

# keep setters in Views so that animations can still work.
# see http://proguard.sourceforge.net/manual/examples.html#beans
-keepclassmembers public class * extends android.view.View {
   void set*(***);
   *** get*();
}

# We want to keep methods in Activity that could be used in the XML attribute onClick
-keepclassmembers class * extends android.app.Activity {
   public void *(android.view.View);
}

# For enumeration classes, see http://proguard.sourceforge.net/manual/examples.html#enumerations
-keepclassmembers enum * {
    public static **[] values();
    public static ** valueOf(java.lang.String);
}

-keep class * implements android.os.Parcelable {
  public static final android.os.Parcelable$Creator *;
}

-keepclassmembers class **.R$* {
    public static <fields>;
}

# The support library contains references to newer platform versions.
# Don't warn about those in case this app is linking against an older
# platform version.  We know about them, and they are safe.
-dontwarn android.support.**

#银联快捷支付插件
-libraryjars libs/payecopluginjar.jar 
-keep class com.payeco.android.plugin.**{*;} 
-keep class com.merchant.android.objects.UpPay 
-dontwarn com.payeco.android.plugin.**
-keepclasseswithmembernames class com.merchant.android.objects.** {*;}

#U付
-injars libs/umpay_sdk.jar 
-libraryjars libs/umpay_sdk.jar
-keep class com.umpay.**{*;}

#jpush 插件
-dontnote

-optimizations !code/simplification/arithmetic,!field/*,!class/merging/*
-keep public class * extends android.app.Activity
-keep public class * extends android.app.Application
-keep public class * extends android.app.Service
-keep public class * extends android.app.IntentService
-keep public class * extends android.content.BroadcastReceiver
-keep public class * extends android.content.ContentProvider
-keep public class * extends android.app.backup.BackupAgentHelper
-keep public class * extends android.preference.Preference
-keep public class com.android.vending.licensing.ILicensingService

-dontwarn cn.jpush.**
-keep class cn.jpush.** { *; }

#ali支付插件
-keep class com.alipay.mobileapp.biz.rpc.datatunnel.ext.*
-keep class com.alipay.mobile.datatunnel.*
-keep class com.download.*
-keep class com.alipay.android.app.*
-keep class com.alipay.android.lib.*
-keep class com.alipay.android.mini.*
-keep class com.alipay.html.*
-keep class org.ccil.cowan.tagsoup.*
-keep class android.webkit.*
-keep class com.alipay.mobilesecuritysdk.*
-keep class com.squareup.picasso.*
-keep class com.ut.*
-keep class com.alipay.test.ui.core.*
-keep class com.alipay.trobot.external.*
-keep class com.alipay.android.ipp.*

-keepclasseswithmembernames class * {
    native <methods>;
}

-keepclasseswithmembers class * {
    public <init>(android.content.Context, android.util.AttributeSet);
}

-keepclasseswithmembers class * {
    public <init>(android.content.Context, android.util.AttributeSet, int);
}

-keepclassmembers class * extends android.app.Activity {
   public void *(android.view.View);
}

-keepclassmembers enum * {
    public static **[] values();
    public static ** valueOf(java.lang.String);
}

-keep class * implements android.os.Parcelable {
  public static final android.os.Parcelable$Creator *;
}

# adding this in to preserve line numbers so that the stack traces
# can be remapped
-renamesourcefileattribute SourceFile
-keepattributes SourceFile,LineNumberTable
# 阿里插件结束

-dontwarn com.squareup.picasso.**
-keep class com.squareup.picasso.** {*;}


-keep public class * extends android.app.Activity
-keep public class * extends android.app.Application
-keep public class * extends android.app.Service
-keep public class * extends android.content.BroadcastReceiver
-keep public class * extends android.content.ContentProvider
-keep public class * extends java.lang.Throwable {*;}
-keep public class * extends java.lang.Exception {*;}
-keep public class * extends android.support.v4.app.Fragment
-keep public class * extends android.support.v13.app.Fragment

-libraryjars libs/commons-codec.jar
-libraryjars libs/commons-lang3-3.0-beta.jar
-libraryjars libs/gson-2.2.4.jar
-libraryjars libs/jpush-sdk-release1.6.0.jar
-libraryjars libs/payecopluginjar.jar
-libraryjars libs/umeng_sdk.jar

# andbase 插件
-libraryjars libs/andbase.jar
-keep class com.ab.**{*;}


# gson proguard
-keep class com.google.**{*;}
 -keepclassmembers class * implements java.io.Serializable {
     static final long serialVersionUID;
     private static final java.io.ObjectStreamField[] serialPersistentFields;
     private void writeObject(java.io.ObjectOutputStream);
     private void readObject(java.io.ObjectInputStream);
     java.lang.Object writeReplace();
     java.lang.Object readResolve();
 }


 ##---------------Begin: proguard configuration for Gson  ----------
# Gson uses generic type information stored in a class file when working with fields. Proguard
 # removes such information by default, so configure it to keep all of it.
 -keepattributes Signature  
 # Gson specific classes
 -keep class sun.misc.Unsafe { *; }
 #-keep class com.google.gson.stream.** { *; }  
 # Application classes that will be serialized/deserialized over Gson
-keep class com.mitenotc.bean.MessageBean{ *; } 

 ##---------------End: proguard configuration for Gson  ----------
 -keep class com.mitenotc.ui.play.*
 -keep class com.mitenotc.dao.*
 -keep class com.mitenotc.ui.BodyFragment1
 -keep class com.mitenotc.ui.BodyFragment2
 -keep class com.mitenotc.ui.BodyFragment3
 -keep class com.mitenotc.ui.TCWebFragment{ *; } 
 
 -keepclassmembers class com.mitenotc.ui.TCWebFragment{ 
    public *;  #void <loadDeviceInfo>
 }
 
 
 ##-----------------Begin: proguard configuration for umeng-------------------
 -optimizationpasses 5
-dontusemixedcaseclassnames
-dontskipnonpubliclibraryclasses
-dontpreverify
-verbose
-optimizations !code/simplification/arithmetic,!field/*,!class/merging/*

-keep public class * extends android.app.Activity
-keep public class * extends android.app.Application
-keep public class * extends android.app.Service
-keep public class * extends android.content.BroadcastReceiver
-keep public class * extends android.content.ContentProvider
-keep public class * extends android.app.backup.BackupAgentHelper
-keep public class * extends android.preference.Preference
-keep public class com.android.vending.licensing.ILicensingService

-keepclasseswithmembernames class * {
    native <methods>;
}

-keepclasseswithmembers class * {
    public <init>(android.content.Context, android.util.AttributeSet);
}

-keepclasseswithmembers class * {
    public <init>(android.content.Context, android.util.AttributeSet, int);
}

-keepclassmembers class * extends android.app.Activity {
   public void *(android.view.View);
}

-keepclassmembers enum * {
    public static **[] values();
    public static ** valueOf(java.lang.String);
}

-keep class * implements android.os.Parcelable {
  public static final android.os.Parcelable$Creator *;
}

-dontwarn android.support.**

-dontwarn com.markupartist.**

-keep public class com.umeng.example.R$*{
    public static final int *;
}

-keepclassmembers class * {
   public <init>(org.json.JSONObject);
}

-keep public class com.umeng.fb.ui.ThreadView {
}

-dontwarn com.umeng.common.**
-keep class com.umeng.common.** {*;}
 ##------------------------End: proguard configuration for umeng--------------
 
 -keep class com.mitenotc.bean.ticket.**{*;} 
 
 -keep class cn.sharesdk.**{*;}
 -keep class **.R$* {*;}
 -keep class **.R{*;}
 -dontwarn cn.sharesdk.**
 -dontwarn **.R$*
 -keep class m.framework.**{*;}

-libraryjars libs/core.jar 