tc/proguard/seeds.txt
com.alipay.android.mini.window.sdk.MiniLaucherActivity
com.alipay.android.mini.window.sdk.MiniLaucherActivity: MiniLaucherActivity()
com.alipay.android.mini.window.sdk.MiniPayActivity
com.alipay.android.mini.window.sdk.MiniPayActivity: MiniPayActivity()
com.alipay.android.mini.window.sdk.MiniWebActivity
com.alipay.android.mini.window.sdk.MiniWebActivity: MiniWebActivity()
com.alipay.android.mini.window.sdk.TransContainer
com.alipay.android.mini.window.sdk.TransContainer: TransContainer()
com.alipay.mobile.datatunnel.ext.AlipayDataTunnelService
com.alipay.mobile.datatunnel.ext.AlipayDataTunnelTask: long serialVersionUID
com.alipay.mobile.datatunnel.ext.download.DownloadTask: long serialVersionUID
com.alipay.mobile.datatunnel.ext.res.ResMeta
com.alipay.mobile.datatunnel.ext.res.ResMeta: android.os.Parcelable$Creator CREATOR
com.alipay.mobile.datatunnel.ext.res.ResMeta$NetworkType: com.alipay.mobile.datatunnel.ext.res.ResMeta$NetworkType[] values()
com.alipay.mobile.datatunnel.ext.res.ResMeta$NetworkType: com.alipay.mobile.datatunnel.ext.res.ResMeta$NetworkType valueOf(java.lang.String)
com.alipay.mobile.datatunnel.ext.res.ResMeta$OPState: com.alipay.mobile.datatunnel.ext.res.ResMeta$OPState[] values()
com.alipay.mobile.datatunnel.ext.res.ResMeta$OPState: com.alipay.mobile.datatunnel.ext.res.ResMeta$OPState valueOf(java.lang.String)
com.alipay.mobile.datatunnel.ext.res.ResMeta$State: com.alipay.mobile.datatunnel.ext.res.ResMeta$State[] values()
com.alipay.mobile.datatunnel.ext.res.ResMeta$State: com.alipay.mobile.datatunnel.ext.res.ResMeta$State valueOf(java.lang.String)
com.alipay.mobile.datatunnel.ext.res.ResMeta$Storage: com.alipay.mobile.datatunnel.ext.res.ResMeta$Storage[] values()
com.alipay.mobile.datatunnel.ext.res.ResMeta$Storage: com.alipay.mobile.datatunnel.ext.res.ResMeta$Storage valueOf(java.lang.String)
com.alipay.mobile.datatunnel.ext.trigger.AlipayDataTunnelTrigger
com.alipay.mobileapp.biz.rpc.datatunnel.ext.DataTunnelFacade
com.alipay.mobileapp.biz.rpc.datatunnel.ext.vo.DataTunnelTask: long serialVersionUID
com.alipay.mobileapp.biz.rpc.datatunnel.ext.vo.DownloadMetaRequest: long serialVersionUID
com.alipay.mobileapp.biz.rpc.datatunnel.ext.vo.DownloadMetaResponse: long serialVersionUID
com.alipay.mobileapp.biz.rpc.datatunnel.ext.vo.DownloadResultReq$State: com.alipay.mobileapp.biz.rpc.datatunnel.ext.vo.DownloadResultReq$State[] values()
com.alipay.mobileapp.biz.rpc.datatunnel.ext.vo.DownloadResultReq$State: com.alipay.mobileapp.biz.rpc.datatunnel.ext.vo.DownloadResultReq$State valueOf(java.lang.String)
com.alipay.mobileapp.biz.rpc.datatunnel.ext.vo.MapConstructor: long serialVersionUID
com.alipay.mobileapp.biz.rpc.datatunnel.ext.vo.ReportStatusReq: long serialVersionUID
com.alipay.mobileapp.biz.rpc.datatunnel.ext.vo.ResourceMetaPackageResponse: long serialVersionUID
com.alipay.mobileapp.biz.rpc.datatunnel.ext.vo.ResourceMetaRes: long serialVersionUID
com.alipay.mobileapp.biz.rpc.datatunnel.ext.vo.ResourceMetaRes$NetworkType: com.alipay.mobileapp.biz.rpc.datatunnel.ext.vo.ResourceMetaRes$NetworkType[] values()
com.alipay.mobileapp.biz.rpc.datatunnel.ext.vo.ResourceMetaRes$NetworkType: com.alipay.mobileapp.biz.rpc.datatunnel.ext.vo.ResourceMetaRes$NetworkType valueOf(java.lang.String)
com.alipay.mobileapp.biz.rpc.datatunnel.ext.vo.ResourceMetaRes$Storage: com.alipay.mobileapp.biz.rpc.datatunnel.ext.vo.ResourceMetaRes$Storage[] values()
com.alipay.mobileapp.biz.rpc.datatunnel.ext.vo.ResourceMetaRes$Storage: com.alipay.mobileapp.biz.rpc.datatunnel.ext.vo.ResourceMetaRes$Storage valueOf(java.lang.String)
com.alipay.mobilesecuritysdk.MainHandler
com.alipay.mobilesecuritysdk.constant.ConfigNameEnum: com.alipay.mobilesecuritysdk.constant.ConfigNameEnum[] values()
com.alipay.mobilesecuritysdk.constant.ConfigNameEnum: com.alipay.mobilesecuritysdk.constant.ConfigNameEnum valueOf(java.lang.String)