tc/proguard/usage.txt
e.b
e.b$a
f.c:
    public static final java.lang.String a
    150:164:public void e(java.lang.Throwable,java.lang.String)
    167:178:public void f(java.lang.Throwable,java.lang.String)
    181:192:public void g(java.lang.Throwable,java.lang.String)
    225:227:public void b(long,java.lang.String)
    232:232:public void c(long,java.lang.String)
f.e:
    private static final java.lang.String a
    private static final java.lang.String b
    private static final java.lang.String c
    private static final java.lang.String d
    private static final java.lang.String e
    62:62:static int b()
    66:67:protected void a(java.lang.String)
    70:75:public void b(java.lang.String)
f.f:
    public abstract void a(java.lang.Throwable)
f.i:
    59:60:public void a(java.lang.Throwable)
f.j:
    public static final java.lang.String a
    public static final java.lang.String b
    public static final java.lang.String c
    93:93:public java.lang.String c()
f.k:
    194:194:public void a(java.lang.Throwable)
h.a:
    public static final java.lang.String a
    public static final java.lang.String b
    private static final java.lang.String e
    public static final java.lang.String c
h.b:
    private java.lang.String c
    88:88:public int f()
    99:103:public java.lang.String g()
    167:167:public float i()
    178:178:public static java.lang.String k()
h.d:
    66:67:public final void a(java.lang.String)
h.e:
    16:16:public e()
    90:90:public static double a()
    98:98:public static double b()
i.a:
    private static final java.lang.String a
    private static final int b
i.b:
    33:41:public static i.b a(java.lang.String,java.lang.String,long)
    53:53:public long c()
    69:70:public void a(long)
j.a:
    22:26:public final void a(android.graphics.Bitmap)
    public abstract void a(android.graphics.drawable.Drawable)
k.a:
    37:38:public void a(boolean)
l.a:
    35:36:public void a(com.alipay.android.app.net.Request)
    39:40:public void a(com.alipay.android.app.net.e)
l.e:
    32:32:public e()
    134:135:public static void a()
    138:138:public static java.lang.String a(java.lang.String)
    142:142:public static java.lang.String b(java.lang.String)
m.a
m.b
m.c
m.d:
    public abstract void a(java.lang.String)
    public abstract void a(java.lang.String,java.lang.String,java.lang.Object[])
    public abstract void a(m.c)
m.e:
    private static java.lang.Class b
    40:41:public static void a(java.lang.Class)
    51:61:public m.d a(int)
n.a:
    public abstract void a(b.f,java.lang.String,java.lang.String,java.lang.String,java.lang.String)
n.c:
    public static final int a
    public static final int b
    public static final int c
    public static final int d
    public static final int e
    public static final int f
    public static final int g
    public static final int h
    public static final int i
    public static final int j
    public static final int k
    public static final int l
    52:52:public boolean n()
n.d:
    123:130:public void a(b.f,java.lang.String,java.lang.String,java.lang.String,java.lang.String)
o.a
org.apache.commons.codec.BinaryDecoder
org.apache.commons.codec.BinaryEncoder
org.apache.commons.codec.Decoder
org.apache.commons.codec.Encoder
org.apache.commons.codec.StringDecoder
org.apache.commons.codec.StringEncoder
org.apache.commons.codec.StringEncoderComparator
org.apache.commons.codec.binary.Base64
org.apache.commons.codec.binary.BinaryCodec
org.apache.commons.codec.binary.Hex:
    31:31:public Hex()
    56:73:public static byte[] decodeHex(char[])
    85:89:protected static int toDigit(char,int)
    131:131:public byte[] decode(byte[])
    150:153:public java.lang.Object decode(java.lang.Object)
    168:168:public byte[] encode(byte[])
    184:187:public java.lang.Object encode(java.lang.Object)